<?xml version="1.0" encoding="UTF-8"?>
<!-- Generated by org.testng.reporters.JUnitReportReporter -->
<testsuite hostname="NOIWX21297" failures="0" tests="2" name="searchTest.searchTest" time="317.282" errors="0" timestamp="26 Feb 2020 18:24:51 GMT" skipped="0">
  <testcase classname="searchTest.searchTest" name="priceDescTest" time="317.279"/>
  <testcase classname="searchTest.searchTest" name="yearTest" time="0.003"/>
</testsuite> <!-- searchTest.searchTest -->
